<?xml version="1.0" encoding="UTF-8"?>
<testsuite name="ComputerRepairRequestTest" tests="2" skipped="0" failures="0" errors="0" timestamp="2025-03-06T13:10:30" hostname="DESKTOP-EE8R4Q9" time="0.028">
  <properties/>
  <testcase name="First Test" classname="ComputerRepairRequestTest" time="0.024"/>
  <testcase name="Test Exemplu" classname="ComputerRepairRequestTest" time="0.001"/>
  <system-out><![CDATA[]]></system-out>
  <system-err><![CDATA[]]></system-err>
</testsuite>
